<?xml version="1.0" encoding="UTF-8"?>
<testsuite name="KruskalTest" tests="3" skipped="0" failures="0" errors="0" timestamp="2021-06-21T09:53:27" hostname="Jaanas-MBP-2.wlan" time="0.095">
  <properties/>
  <testcase name="algoritmiPalauttaaVainKulkupaloja()" classname="KruskalTest" time="0.01"/>
  <testcase name="alunJaLopunValillaOnReitti()" classname="KruskalTest" time="0.012"/>
  <testcase name="kaikkialleLabyrintissäPääsee()" classname="KruskalTest" time="0.071"/>
  <system-out><![CDATA[]]></system-out>
  <system-err><![CDATA[]]></system-err>
</testsuite>
