<?xml version="1.0" encoding="UTF-8"?>
<testsuite name="PrimTest" tests="3" skipped="0" failures="0" errors="0" timestamp="2021-06-20T10:24:03" hostname="Jaanas-MBP-2.wlan" time="0.019">
  <properties/>
  <testcase name="labyrintinPaloissaOnOikeaTieto()" classname="PrimTest" time="0.011"/>
  <testcase name="kaikkialleLabyrintissäPääsee()" classname="PrimTest" time="0.005"/>
  <testcase name="labyrinttiOnOikeanKokoinen()" classname="PrimTest" time="0.001"/>
  <system-out><![CDATA[]]></system-out>
  <system-err><![CDATA[]]></system-err>
</testsuite>
