<?xml version="1.0" encoding="UTF-8"?>
<testsuite name="PrimTest" tests="5" skipped="0" failures="0" errors="0" timestamp="2021-06-27T10:25:22" hostname="Jaanas-MacBook-Pro-2.local" time="0.018">
  <properties/>
  <testcase name="reittiOnKulkuKaytavilla()" classname="PrimTest" time="0.011"/>
  <testcase name="AlkuJaLoppupisteenValillaReitti()" classname="PrimTest" time="0.001"/>
  <testcase name="labyrintinPaloissaOnOikeaTieto()" classname="PrimTest" time="0.001"/>
  <testcase name="kaikkialleLabyrintissäPääsee()" classname="PrimTest" time="0.002"/>
  <testcase name="labyrinttiOnOikeanKokoinen()" classname="PrimTest" time="0.001"/>
  <system-out><![CDATA[]]></system-out>
  <system-err><![CDATA[]]></system-err>
</testsuite>
