<?xml version="1.0" encoding="UTF-8"?>
<testsuite name="KruskalTest" tests="2" skipped="0" failures="0" errors="0" timestamp="2021-06-20T17:59:47" hostname="Jaanas-MBP-2.wlan" time="0.063">
  <properties/>
  <testcase name="algoritmiPalauttaaVainKulkupaloja()" classname="KruskalTest" time="0.008"/>
  <testcase name="kaikkialleLabyrintissäPääsee()" classname="KruskalTest" time="0.054"/>
  <system-out><![CDATA[]]></system-out>
  <system-err><![CDATA[]]></system-err>
</testsuite>
