<?xml version="1.0" encoding="UTF-8"?>
<testsuite name="PrimTest" tests="1" skipped="0" failures="0" errors="0" timestamp="2021-06-17T18:34:31" hostname="Jaanas-MBP-2.wlan" time="0.012">
  <properties/>
  <testcase name="labyrinttiOnOikeanKokoinen()" classname="PrimTest" time="0.012"/>
  <system-out><![CDATA[]]></system-out>
  <system-err><![CDATA[]]></system-err>
</testsuite>
