<?xml version="1.0" encoding="UTF-8"?>
<testsuite name="PrimTest" tests="3" skipped="0" failures="0" errors="0" timestamp="2021-06-18T17:23:00" hostname="Jaanas-MBP-2.wlan" time="0.018">
  <properties/>
  <testcase name="labyrintinPaloissaOnOikeaTieto()" classname="PrimTest" time="0.012"/>
  <testcase name="kaikkialleLabyrintissäPääsee()" classname="PrimTest" time="0.004"/>
  <testcase name="labyrinttiOnOikeanKokoinen()" classname="PrimTest" time="0.001"/>
  <system-out><![CDATA[]]></system-out>
  <system-err><![CDATA[]]></system-err>
</testsuite>
