<?xml version="1.0" encoding="UTF-8"?>
<testsuite name="KruskalTest" tests="3" skipped="0" failures="0" errors="0" timestamp="2021-06-20T20:27:31" hostname="Jaanas-MBP-2.wlan" time="0.075">
  <properties/>
  <testcase name="algoritmiPalauttaaVainKulkupaloja()" classname="KruskalTest" time="0.01"/>
  <testcase name="alunJaLopunValillaOnReitti()" classname="KruskalTest" time="0.008"/>
  <testcase name="kaikkialleLabyrintissäPääsee()" classname="KruskalTest" time="0.055"/>
  <system-out><![CDATA[]]></system-out>
  <system-err><![CDATA[]]></system-err>
</testsuite>
